生成启动时间为 2017/2/24 9:56:00。
     1>项目“D:\TJWork\TD\TDSWT\TDSWT\TDSWT.vcxproj”在节点 2 上(Build 个目标)。
     1>ClCompile:
         C:\Program Files (x86)\Microsoft Visual Studio 12.0\VC\bin\CL.exe /c /ZI /nologo /W3 /WX- /sdl /Od /Oy- /D WIN32 /D _DEBUG /D _CONSOLE /D _LIB /D _MBCS /Gm /EHsc /RTC1 /MDd /GS /fp:precise /Zc:wchar_t /Zc:forScope /Yu"stdafx.h" /Fp"Debug\TDSWT.pch" /Fo"Debug\\" /Fd"Debug\vc120.pdb" /Gd /TP /analyze- /errorReport:prompt TextDetection.cpp
         TextDetection.cpp
     1>d:\tjwork\td\tdswt\tdswt\textdetection.cpp(120): warning C4056: 浮点常量算术溢出
     1>d:\tjwork\td\tdswt\tdswt\textdetection.cpp(169): warning C4056: 浮点常量算术溢出
     1>d:\tjwork\td\tdswt\tdswt\textdetection.cpp(428): warning C4305: “初始化”: 从“double”到“float”截断
     1>d:\tjwork\td\tdswt\tdswt\textdetection.cpp(442): warning C4244: “初始化”: 从“double”转换到“float”，可能丢失数据
     1>d:\tjwork\td\tdswt\tdswt\textdetection.cpp(443): warning C4244: “初始化”: 从“double”转换到“float”，可能丢失数据
     1>d:\tjwork\td\tdswt\tdswt\textdetection.cpp(759): warning C4305: “初始化”: 从“double”到“float”截断
     1>d:\tjwork\td\tdswt\tdswt\textdetection.cpp(760): warning C4244: “初始化”: 从“double”转换到“float”，可能丢失数据
     1>d:\tjwork\td\tdswt\tdswt\textdetection.cpp(760): warning C4244: “+=”: 从“double”转换到“float”，可能丢失数据
     1>d:\tjwork\td\tdswt\tdswt\textdetection.cpp(814): warning C4244: “=”: 从“double”转换到“float”，可能丢失数据
     1>d:\tjwork\td\tdswt\tdswt\textdetection.cpp(815): warning C4244: “=”: 从“double”转换到“float”，可能丢失数据
     1>d:\tjwork\td\tdswt\tdswt\textdetection.cpp(976): warning C4305: “初始化”: 从“double”到“const float”截断
     1>d:\tjwork\td\tdswt\tdswt\textdetection.cpp(120): warning C4756: 常量算法中溢出
     1>d:\tjwork\td\tdswt\tdswt\textdetection.cpp(169): warning C4756: 常量算法中溢出
     1>d:\tjwork\td\tdswt\tdswt\textdetection.cpp(169): warning C4756: 常量算法中溢出
       Link:
         C:\Program Files (x86)\Microsoft Visual Studio 12.0\VC\bin\link.exe /ERRORREPORT:PROMPT /OUT:"D:\TJWork\TD\TDSWT\Debug\TDSWT.exe" /INCREMENTAL /NOLOGO opencv_core2412d.lib opencv_highgui2412d.lib opencv_contrib2412d.lib opencv_imgproc2412d.lib opencv_features2d2412d.lib kernel32.lib user32.lib gdi32.lib winspool.lib comdlg32.lib advapi32.lib shell32.lib ole32.lib oleaut32.lib uuid.lib odbc32.lib odbccp32.lib /MANIFEST /MANIFESTUAC:"level='asInvoker' uiAccess='false'" /manifest:embed /DEBUG /PDB:"D:\TJWork\TD\TDSWT\Debug\TDSWT.pdb" /SUBSYSTEM:CONSOLE /TLBID:1 /DYNAMICBASE /NXCOMPAT /IMPLIB:"D:\TJWork\TD\TDSWT\Debug\TDSWT.lib" /MACHINE:X86 Debug\stdafx.obj
         Debug\TDSWT.obj
         Debug\TextDetection.obj
         TDSWT.vcxproj -> D:\TJWork\TD\TDSWT\Debug\TDSWT.exe
     1>已完成生成项目“D:\TJWork\TD\TDSWT\TDSWT\TDSWT.vcxproj”(Build 个目标)的操作。

生成成功。

已用时间 00:00:08.41
